Using pre-set license
Built from '2020.3/staging' branch; Version is '2020.3.4f1 (0abb6314276a) revision 703331'; Using compiler version '192528614'; Build Type 'Release'
OS: 'Windows 10 Home Single Language; OS build 19042.928; Version 2009; 64bit' Language: 'pt' Physical Memory: 8106 MB
BatchMode: 1, IsHumanControllingUs: 0, StartBugReporterOnCrash: 0, Is64bit: 1, IsPro: 0

 COMMAND LINE ARGUMENTS:
C:\Program Files\Unity\Hub\Editor\2020.3.4f1\Editor\Unity.exe
-adb2
-batchMode
-noUpm
-name
AssetImportWorker0
-projectPath
C:/Users/Lyucs/Documents/Unity Projects/RPG-Battle/RPG Battle
-logFile
Logs/AssetImportWorker0.log
-srvPort
60861
Successfully changed project path to: C:/Users/Lyucs/Documents/Unity Projects/RPG-Battle/RPG Battle
C:/Users/Lyucs/Documents/Unity Projects/RPG-Battle/RPG Battle
Using Asset Import Pipeline V2.
Refreshing native plugins compatible for Editor in 37.67 ms, found 0 plugins.
Preloading 0 native plugins for Editor in 0.00 ms.
Initialize engine version: 2020.3.4f1 (0abb6314276a)
[Subsystems] Discovering subsystems at path C:/Program Files/Unity/Hub/Editor/2020.3.4f1/Editor/Data/Resources/UnitySubsystems
[Subsystems] Discovering subsystems at path C:/Users/Lyucs/Documents/Unity Projects/RPG-Battle/RPG Battle/Assets
GfxDevice: creating device client; threaded=0
Direct3D:
    Version:  Direct3D 11.0 [level 11.1]
    Renderer: AMD Radeon R7 M260 (ID=0x6900)
    Vendor:   
    VRAM:     2038 MB
    Driver:   27.20.1034.6
Initialize mono
Mono path[0] = 'C:/Program Files/Unity/Hub/Editor/2020.3.4f1/Editor/Data/Managed'
Mono path[1] = 'C:/Program Files/Unity/Hub/Editor/2020.3.4f1/Editor/Data/MonoBleedingEdge/lib/mono/unityjit'
Mono config path = 'C:/Program Files/Unity/Hub/Editor/2020.3.4f1/Editor/Data/MonoBleedingEdge/etc'
Using monoOptions --debugger-agent=transport=dt_socket,embedding=1,server=y,suspend=n,address=127.0.0.1:56436
Begin MonoManager ReloadAssembly
Registering precompiled unity dll's ...
Register platform support module: C:/Program Files/Unity/Hub/Editor/2020.3.4f1/Editor/Data/PlaybackEngines/WindowsStandaloneSupport/UnityEditor.WindowsStandalone.Extensions.dll
Registered in 0.004063 seconds.
Native extension for WindowsStandalone target not found
Refreshing native plugins compatible for Editor in 36.04 ms, found 0 plugins.
Preloading 0 native plugins for Editor in 0.00 ms.
Mono: successfully reloaded assembly
- Completed reload, in  1.673 seconds
Platform modules already initialized, skipping
Registering precompiled user dll's ...
Registered in 0.001114 seconds.
Begin MonoManager ReloadAssembly
Native extension for WindowsStandalone target not found
Refreshing native plugins compatible for Editor in 0.25 ms, found 0 plugins.
Preloading 0 native plugins for Editor in 0.00 ms.
Mono: successfully reloaded assembly
- Completed reload, in  1.216 seconds
Platform modules already initialized, skipping
========================================================================
Worker process is ready to serve import requests
Launched and connected shader compiler UnityShaderCompiler.exe after 0.27 seconds
Refreshing native plugins compatible for Editor in 0.30 ms, found 0 plugins.
Preloading 0 native plugins for Editor in 0.00 ms.
Unloading 1119 Unused Serialized files (Serialized files now loaded: 0)
System memory in use before: 57.1 MB.
System memory in use after: 57.2 MB.

Unloading 9 unused Assets to reduce memory usage. Loaded Objects now: 1562.
Total: 2.326000 ms (FindLiveObjects: 0.426400 ms CreateObjectMapping: 0.142700 ms MarkObjects: 1.675500 ms  DeleteObjects: 0.079300 ms)

========================================================================
Received Import Request.
  path: Assets/Scripts/BattleManager.cs
  artifactKey: Guid(aaa25b7b5b98718489cf34902d5039f8) Importer(815301076,1909f56bfc062723c751e8b465ee728b)
Start importing Assets/Scripts/BattleManager.cs using Guid(aaa25b7b5b98718489cf34902d5039f8) Importer(815301076,1909f56bfc062723c751e8b465ee728b)  -> (artifact id: 'f77af240ef0932a1688d866363a098ed') in 0.133013 seconds
  Import took 0.137205 seconds .

========================================================================
Received Import Request.
  Time since last request: 0.033518 seconds.
  path: Assets/Scripts/CharacterBattle.cs
  artifactKey: Guid(5d1f43685744ec84cb4d6f2791919ebe) Importer(815301076,1909f56bfc062723c751e8b465ee728b)
Start importing Assets/Scripts/CharacterBattle.cs using Guid(5d1f43685744ec84cb4d6f2791919ebe) Importer(815301076,1909f56bfc062723c751e8b465ee728b)  -> (artifact id: '1f8dc097b02960d9a21f421787bd41e5') in 0.010354 seconds
  Import took 0.013453 seconds .

========================================================================
Received Prepare
Registering precompiled user dll's ...
Registered in 0.000996 seconds.
Begin MonoManager ReloadAssembly
Native extension for WindowsStandalone target not found
Refreshing native plugins compatible for Editor in 0.24 ms, found 0 plugins.
Preloading 0 native plugins for Editor in 0.00 ms.
Mono: successfully reloaded assembly
- Completed reload, in  1.573 seconds
Platform modules already initialized, skipping
Refreshing native plugins compatible for Editor in 0.28 ms, found 0 plugins.
Preloading 0 native plugins for Editor in 0.00 ms.
Unloading 1113 Unused Serialized files (Serialized files now loaded: 0)
System memory in use before: 57.0 MB.
System memory in use after: 57.1 MB.

Unloading 4 unused Assets to reduce memory usage. Loaded Objects now: 1565.
Total: 2.612800 ms (FindLiveObjects: 0.216800 ms CreateObjectMapping: 0.059700 ms MarkObjects: 2.306700 ms  DeleteObjects: 0.027200 ms)

========================================================================
Received Prepare
Registering precompiled user dll's ...
Registered in 0.001458 seconds.
Begin MonoManager ReloadAssembly
Native extension for WindowsStandalone target not found
Refreshing native plugins compatible for Editor in 0.38 ms, found 0 plugins.
Preloading 0 native plugins for Editor in 0.00 ms.
Mono: successfully reloaded assembly
- Completed reload, in  1.679 seconds
Platform modules already initialized, skipping
Refreshing native plugins compatible for Editor in 0.27 ms, found 0 plugins.
Preloading 0 native plugins for Editor in 0.00 ms.
Unloading 1113 Unused Serialized files (Serialized files now loaded: 0)
System memory in use before: 57.0 MB.
System memory in use after: 57.1 MB.

Unloading 4 unused Assets to reduce memory usage. Loaded Objects now: 1568.
Total: 4.275500 ms (FindLiveObjects: 0.379400 ms CreateObjectMapping: 0.219600 ms MarkObjects: 3.632100 ms  DeleteObjects: 0.041500 ms)

========================================================================
Received Import Request.
  Time since last request: 1512.811296 seconds.
  path: Assets/Scripts/BattleManager.cs
  artifactKey: Guid(aaa25b7b5b98718489cf34902d5039f8) Importer(815301076,1909f56bfc062723c751e8b465ee728b)
Start importing Assets/Scripts/BattleManager.cs using Guid(aaa25b7b5b98718489cf34902d5039f8) Importer(815301076,1909f56bfc062723c751e8b465ee728b)  -> (artifact id: '1fb6c4285fa99b8cf78266a80c00dc52') in 0.013129 seconds
  Import took 0.017109 seconds .

========================================================================
Received Prepare
Registering precompiled user dll's ...
Registered in 0.001034 seconds.
Begin MonoManager ReloadAssembly
Native extension for WindowsStandalone target not found
Refreshing native plugins compatible for Editor in 0.25 ms, found 0 plugins.
Preloading 0 native plugins for Editor in 0.00 ms.
Mono: successfully reloaded assembly
- Completed reload, in  1.398 seconds
Platform modules already initialized, skipping
Refreshing native plugins compatible for Editor in 1.00 ms, found 0 plugins.
Preloading 0 native plugins for Editor in 0.00 ms.
Unloading 1113 Unused Serialized files (Serialized files now loaded: 0)
System memory in use before: 57.0 MB.
System memory in use after: 57.1 MB.

Unloading 4 unused Assets to reduce memory usage. Loaded Objects now: 1571.
Total: 9.684400 ms (FindLiveObjects: 0.610000 ms CreateObjectMapping: 2.471800 ms MarkObjects: 6.574500 ms  DeleteObjects: 0.026000 ms)

========================================================================
Received Prepare
Registering precompiled user dll's ...
Registered in 0.000997 seconds.
Begin MonoManager ReloadAssembly
Native extension for WindowsStandalone target not found
Refreshing native plugins compatible for Editor in 0.24 ms, found 0 plugins.
Preloading 0 native plugins for Editor in 0.00 ms.
Mono: successfully reloaded assembly
- Completed reload, in  1.235 seconds
Platform modules already initialized, skipping
Refreshing native plugins compatible for Editor in 0.26 ms, found 0 plugins.
Preloading 0 native plugins for Editor in 0.00 ms.
Unloading 1113 Unused Serialized files (Serialized files now loaded: 0)
System memory in use before: 57.0 MB.
System memory in use after: 57.1 MB.

Unloading 4 unused Assets to reduce memory usage. Loaded Objects now: 1574.
Total: 2.539900 ms (FindLiveObjects: 0.417200 ms CreateObjectMapping: 0.189900 ms MarkObjects: 1.912700 ms  DeleteObjects: 0.018100 ms)

========================================================================
Received Prepare
Registering precompiled user dll's ...
Registered in 0.001331 seconds.
Begin MonoManager ReloadAssembly
Native extension for WindowsStandalone target not found
Refreshing native plugins compatible for Editor in 0.25 ms, found 0 plugins.
Preloading 0 native plugins for Editor in 0.00 ms.
Mono: successfully reloaded assembly
- Completed reload, in  1.265 seconds
Platform modules already initialized, skipping
Refreshing native plugins compatible for Editor in 0.29 ms, found 0 plugins.
Preloading 0 native plugins for Editor in 0.00 ms.
Unloading 1113 Unused Serialized files (Serialized files now loaded: 0)
System memory in use before: 57.0 MB.
System memory in use after: 57.1 MB.

Unloading 4 unused Assets to reduce memory usage. Loaded Objects now: 1577.
Total: 3.280800 ms (FindLiveObjects: 0.502800 ms CreateObjectMapping: 0.144900 ms MarkObjects: 2.608700 ms  DeleteObjects: 0.022200 ms)

========================================================================
Received Prepare
Registering precompiled user dll's ...
Registered in 0.001029 seconds.
Begin MonoManager ReloadAssembly
Native extension for WindowsStandalone target not found
Refreshing native plugins compatible for Editor in 0.24 ms, found 0 plugins.
Preloading 0 native plugins for Editor in 0.00 ms.
Mono: successfully reloaded assembly
- Completed reload, in  1.227 seconds
Platform modules already initialized, skipping
Refreshing native plugins compatible for Editor in 0.26 ms, found 0 plugins.
Preloading 0 native plugins for Editor in 0.00 ms.
Unloading 1113 Unused Serialized files (Serialized files now loaded: 0)
System memory in use before: 57.0 MB.
System memory in use after: 57.1 MB.

Unloading 4 unused Assets to reduce memory usage. Loaded Objects now: 1580.
Total: 2.675700 ms (FindLiveObjects: 0.305100 ms CreateObjectMapping: 0.120400 ms MarkObjects: 2.227300 ms  DeleteObjects: 0.019900 ms)

========================================================================
Received Prepare
Registering precompiled user dll's ...
Registered in 0.001429 seconds.
Begin MonoManager ReloadAssembly
Native extension for WindowsStandalone target not found
Refreshing native plugins compatible for Editor in 0.36 ms, found 0 plugins.
Preloading 0 native plugins for Editor in 0.00 ms.
Mono: successfully reloaded assembly
- Completed reload, in  2.058 seconds
Platform modules already initialized, skipping
Refreshing native plugins compatible for Editor in 0.28 ms, found 0 plugins.
Preloading 0 native plugins for Editor in 0.00 ms.
Unloading 1113 Unused Serialized files (Serialized files now loaded: 0)
System memory in use before: 57.0 MB.
System memory in use after: 57.1 MB.

Unloading 4 unused Assets to reduce memory usage. Loaded Objects now: 1583.
Total: 6.980700 ms (FindLiveObjects: 0.982900 ms CreateObjectMapping: 0.089100 ms MarkObjects: 5.881300 ms  DeleteObjects: 0.025100 ms)

========================================================================
Received Prepare
Registering precompiled user dll's ...
Registered in 0.001564 seconds.
Begin MonoManager ReloadAssembly
Native extension for WindowsStandalone target not found
Refreshing native plugins compatible for Editor in 0.26 ms, found 0 plugins.
Preloading 0 native plugins for Editor in 0.00 ms.
Mono: successfully reloaded assembly
- Completed reload, in  1.258 seconds
Platform modules already initialized, skipping
Refreshing native plugins compatible for Editor in 0.27 ms, found 0 plugins.
Preloading 0 native plugins for Editor in 0.00 ms.
Unloading 1113 Unused Serialized files (Serialized files now loaded: 0)
System memory in use before: 57.1 MB.
System memory in use after: 57.2 MB.

Unloading 4 unused Assets to reduce memory usage. Loaded Objects now: 1586.
Total: 2.413700 ms (FindLiveObjects: 0.281700 ms CreateObjectMapping: 0.112500 ms MarkObjects: 1.988100 ms  DeleteObjects: 0.028700 ms)

========================================================================
Received Import Request.
  Time since last request: 1008.480918 seconds.
  path: Assets/Scripts/BattleManager.cs
  artifactKey: Guid(aaa25b7b5b98718489cf34902d5039f8) Importer(815301076,1909f56bfc062723c751e8b465ee728b)
Start importing Assets/Scripts/BattleManager.cs using Guid(aaa25b7b5b98718489cf34902d5039f8) Importer(815301076,1909f56bfc062723c751e8b465ee728b)  -> (artifact id: 'f7ccb8d36b7e5e076881012e5401fe56') in 0.009905 seconds
  Import took 0.013212 seconds .

========================================================================
Received Import Request.
  Time since last request: 2.207255 seconds.
  path: Assets/Scripts/BattleManager.cs
  artifactKey: Guid(aaa25b7b5b98718489cf34902d5039f8) Importer(815301076,1909f56bfc062723c751e8b465ee728b)
Start importing Assets/Scripts/BattleManager.cs using Guid(aaa25b7b5b98718489cf34902d5039f8) Importer(815301076,1909f56bfc062723c751e8b465ee728b)  -> (artifact id: 'f7ccb8d36b7e5e076881012e5401fe56') in 0.009883 seconds
  Import took 0.013752 seconds .

========================================================================
Received Prepare
Registering precompiled user dll's ...
Registered in 0.001244 seconds.
Begin MonoManager ReloadAssembly
Native extension for WindowsStandalone target not found
Refreshing native plugins compatible for Editor in 0.43 ms, found 0 plugins.
Preloading 0 native plugins for Editor in 0.00 ms.
Mono: successfully reloaded assembly
- Completed reload, in  1.938 seconds
Platform modules already initialized, skipping
Refreshing native plugins compatible for Editor in 0.26 ms, found 0 plugins.
Preloading 0 native plugins for Editor in 0.00 ms.
Unloading 1113 Unused Serialized files (Serialized files now loaded: 0)
System memory in use before: 57.1 MB.
System memory in use after: 57.2 MB.

Unloading 4 unused Assets to reduce memory usage. Loaded Objects now: 1589.
Total: 2.451200 ms (FindLiveObjects: 0.252900 ms CreateObjectMapping: 0.074600 ms MarkObjects: 2.101500 ms  DeleteObjects: 0.020500 ms)

========================================================================
Received Prepare
Registering precompiled user dll's ...
Registered in 0.001725 seconds.
Begin MonoManager ReloadAssembly
Native extension for WindowsStandalone target not found
Refreshing native plugins compatible for Editor in 0.26 ms, found 0 plugins.
Preloading 0 native plugins for Editor in 0.00 ms.
Mono: successfully reloaded assembly
- Completed reload, in  1.292 seconds
Platform modules already initialized, skipping
Refreshing native plugins compatible for Editor in 0.26 ms, found 0 plugins.
Preloading 0 native plugins for Editor in 0.00 ms.
Unloading 1113 Unused Serialized files (Serialized files now loaded: 0)
System memory in use before: 57.1 MB.
System memory in use after: 57.2 MB.

Unloading 4 unused Assets to reduce memory usage. Loaded Objects now: 1592.
Total: 2.281100 ms (FindLiveObjects: 0.178300 ms CreateObjectMapping: 0.044100 ms MarkObjects: 2.032200 ms  DeleteObjects: 0.022200 ms)

========================================================================
Received Prepare
Registering precompiled user dll's ...
Registered in 0.003469 seconds.
Begin MonoManager ReloadAssembly
Native extension for WindowsStandalone target not found
Refreshing native plugins compatible for Editor in 0.25 ms, found 0 plugins.
Preloading 0 native plugins for Editor in 0.00 ms.
Mono: successfully reloaded assembly
- Completed reload, in  1.849 seconds
Platform modules already initialized, skipping
Refreshing native plugins compatible for Editor in 0.27 ms, found 0 plugins.
Preloading 0 native plugins for Editor in 0.00 ms.
Unloading 1113 Unused Serialized files (Serialized files now loaded: 0)
System memory in use before: 57.1 MB.
System memory in use after: 57.2 MB.

Unloading 4 unused Assets to reduce memory usage. Loaded Objects now: 1595.
Total: 3.392700 ms (FindLiveObjects: 0.226100 ms CreateObjectMapping: 0.082600 ms MarkObjects: 3.056900 ms  DeleteObjects: 0.024500 ms)

========================================================================
Received Prepare
Registering precompiled user dll's ...
Registered in 0.001033 seconds.
Begin MonoManager ReloadAssembly
Native extension for WindowsStandalone target not found
Refreshing native plugins compatible for Editor in 0.25 ms, found 0 plugins.
Preloading 0 native plugins for Editor in 0.00 ms.
Mono: successfully reloaded assembly
- Completed reload, in  1.194 seconds
Platform modules already initialized, skipping
Refreshing native plugins compatible for Editor in 0.26 ms, found 0 plugins.
Preloading 0 native plugins for Editor in 0.00 ms.
Unloading 1113 Unused Serialized files (Serialized files now loaded: 0)
System memory in use before: 57.1 MB.
System memory in use after: 57.2 MB.

Unloading 4 unused Assets to reduce memory usage. Loaded Objects now: 1598.
Total: 2.673900 ms (FindLiveObjects: 0.281800 ms CreateObjectMapping: 0.091600 ms MarkObjects: 2.280100 ms  DeleteObjects: 0.018700 ms)

========================================================================
Received Prepare
Registering precompiled user dll's ...
Registered in 0.001087 seconds.
Begin MonoManager ReloadAssembly
Native extension for WindowsStandalone target not found
Refreshing native plugins compatible for Editor in 0.29 ms, found 0 plugins.
Preloading 0 native plugins for Editor in 0.00 ms.
Mono: successfully reloaded assembly
- Completed reload, in  1.273 seconds
Platform modules already initialized, skipping
Refreshing native plugins compatible for Editor in 0.30 ms, found 0 plugins.
Preloading 0 native plugins for Editor in 0.00 ms.
Unloading 1113 Unused Serialized files (Serialized files now loaded: 0)
System memory in use before: 57.1 MB.
System memory in use after: 57.2 MB.

Unloading 4 unused Assets to reduce memory usage. Loaded Objects now: 1601.
Total: 2.596400 ms (FindLiveObjects: 0.301200 ms CreateObjectMapping: 0.085700 ms MarkObjects: 2.184200 ms  DeleteObjects: 0.023600 ms)

========================================================================
Received Prepare
Registering precompiled user dll's ...
Registered in 0.001921 seconds.
Begin MonoManager ReloadAssembly
Native extension for WindowsStandalone target not found
Refreshing native plugins compatible for Editor in 0.32 ms, found 0 plugins.
Preloading 0 native plugins for Editor in 0.00 ms.
Mono: successfully reloaded assembly
- Completed reload, in  2.274 seconds
Platform modules already initialized, skipping
Refreshing native plugins compatible for Editor in 0.36 ms, found 0 plugins.
Preloading 0 native plugins for Editor in 0.00 ms.
Unloading 1113 Unused Serialized files (Serialized files now loaded: 0)
System memory in use before: 57.1 MB.
System memory in use after: 57.2 MB.

Unloading 4 unused Assets to reduce memory usage. Loaded Objects now: 1604.
Total: 6.149400 ms (FindLiveObjects: 0.311700 ms CreateObjectMapping: 0.135900 ms MarkObjects: 5.675100 ms  DeleteObjects: 0.023900 ms)

========================================================================
Received Import Request.
  Time since last request: 2995.060223 seconds.
  path: Assets/Prefabs
  artifactKey: Guid(5c863d61a8dd59e488af6e5d0638a953) Importer(815301076,1909f56bfc062723c751e8b465ee728b)
Start importing Assets/Prefabs using Guid(5c863d61a8dd59e488af6e5d0638a953) Importer(815301076,1909f56bfc062723c751e8b465ee728b)  -> (artifact id: 'b933dca47c577b3858bb1be058f42a1f') in 0.037052 seconds
  Import took 0.046425 seconds .

========================================================================
Received Import Request.
  Time since last request: 116.474988 seconds.
  path: Assets/Prefabs/pfCharacterBattle.prefab
  artifactKey: Guid(025ffc8ab7dbc8840ad7b0db44b84965) Importer(815301076,1909f56bfc062723c751e8b465ee728b)
Start importing Assets/Prefabs/pfCharacterBattle.prefab using Guid(025ffc8ab7dbc8840ad7b0db44b84965) Importer(815301076,1909f56bfc062723c751e8b465ee728b)  -> (artifact id: '43b3f8a917cbd117dc9d115b7784dca7') in 0.215391 seconds
  Import took 0.219932 seconds .

========================================================================
Received Import Request.
  Time since last request: 44.996244 seconds.
  path: Assets/Prefabs/pfCharacterBattle.prefab
  artifactKey: Guid(025ffc8ab7dbc8840ad7b0db44b84965) Importer(815301076,1909f56bfc062723c751e8b465ee728b)
Start importing Assets/Prefabs/pfCharacterBattle.prefab using Guid(025ffc8ab7dbc8840ad7b0db44b84965) Importer(815301076,1909f56bfc062723c751e8b465ee728b)  -> (artifact id: 'da0a4c2f430c3cc41db13b04d91a5f12') in 0.065486 seconds
  Import took 0.070145 seconds .

========================================================================
Received Import Request.
  Time since last request: 7.647513 seconds.
  path: Assets/Prefabs/pfCharacterBattle.prefab
  artifactKey: Guid(025ffc8ab7dbc8840ad7b0db44b84965) Importer(815301076,1909f56bfc062723c751e8b465ee728b)
Start importing Assets/Prefabs/pfCharacterBattle.prefab using Guid(025ffc8ab7dbc8840ad7b0db44b84965) Importer(815301076,1909f56bfc062723c751e8b465ee728b)  -> (artifact id: '03847fbc71419d8f79ae43db82ac6c8e') in 0.022527 seconds
  Import took 0.058067 seconds .

========================================================================
Received Import Request.
  Time since last request: 13.829490 seconds.
  path: Assets/Prefabs/pfCharacterBattle.prefab
  artifactKey: Guid(025ffc8ab7dbc8840ad7b0db44b84965) Importer(815301076,1909f56bfc062723c751e8b465ee728b)
Start importing Assets/Prefabs/pfCharacterBattle.prefab using Guid(025ffc8ab7dbc8840ad7b0db44b84965) Importer(815301076,1909f56bfc062723c751e8b465ee728b)  -> (artifact id: 'b16a954dcb005fc9c5359af782071744') in 0.025496 seconds
  Import took 0.029460 seconds .

========================================================================
Received Import Request.
  Time since last request: 32.406795 seconds.
  path: Assets/Prefabs/pfCharacterBattle.prefab
  artifactKey: Guid(025ffc8ab7dbc8840ad7b0db44b84965) Importer(815301076,1909f56bfc062723c751e8b465ee728b)
Start importing Assets/Prefabs/pfCharacterBattle.prefab using Guid(025ffc8ab7dbc8840ad7b0db44b84965) Importer(815301076,1909f56bfc062723c751e8b465ee728b)  -> (artifact id: '6070dfe6c60b35aecd996ecd9cd66aa8') in 0.032748 seconds
  Import took 0.042211 seconds .

========================================================================
Received Prepare
Registering precompiled user dll's ...
Registered in 0.001021 seconds.
Begin MonoManager ReloadAssembly
Native extension for WindowsStandalone target not found
Refreshing native plugins compatible for Editor in 0.27 ms, found 0 plugins.
Preloading 0 native plugins for Editor in 0.00 ms.
Mono: successfully reloaded assembly
- Completed reload, in  1.181 seconds
Platform modules already initialized, skipping
Refreshing native plugins compatible for Editor in 0.25 ms, found 0 plugins.
Preloading 0 native plugins for Editor in 0.00 ms.
Unloading 1113 Unused Serialized files (Serialized files now loaded: 0)
System memory in use before: 60.2 MB.
System memory in use after: 60.3 MB.

Unloading 4 unused Assets to reduce memory usage. Loaded Objects now: 1615.
Total: 2.358800 ms (FindLiveObjects: 0.233500 ms CreateObjectMapping: 0.095400 ms MarkObjects: 2.009300 ms  DeleteObjects: 0.018800 ms)

========================================================================
Received Prepare
Registering precompiled user dll's ...
Registered in 0.019034 seconds.
Begin MonoManager ReloadAssembly
Native extension for WindowsStandalone target not found
Refreshing native plugins compatible for Editor in 0.35 ms, found 0 plugins.
Preloading 0 native plugins for Editor in 0.00 ms.
Mono: successfully reloaded assembly
- Completed reload, in  2.220 seconds
Platform modules already initialized, skipping
Refreshing native plugins compatible for Editor in 1.02 ms, found 0 plugins.
Preloading 0 native plugins for Editor in 0.00 ms.
Unloading 1113 Unused Serialized files (Serialized files now loaded: 0)
System memory in use before: 60.2 MB.
System memory in use after: 60.3 MB.

Unloading 4 unused Assets to reduce memory usage. Loaded Objects now: 1618.
Total: 3.930500 ms (FindLiveObjects: 0.313700 ms CreateObjectMapping: 0.075300 ms MarkObjects: 3.509900 ms  DeleteObjects: 0.029700 ms)

========================================================================
Received Import Request.
  Time since last request: 129.025698 seconds.
  path: Assets/Prefabs/pfCharacterBattle.prefab
  artifactKey: Guid(025ffc8ab7dbc8840ad7b0db44b84965) Importer(815301076,1909f56bfc062723c751e8b465ee728b)
Start importing Assets/Prefabs/pfCharacterBattle.prefab using Guid(025ffc8ab7dbc8840ad7b0db44b84965) Importer(815301076,1909f56bfc062723c751e8b465ee728b)  -> (artifact id: 'f5d7016bde84c7da8a250a7eb9a30955') in 0.143962 seconds
  Import took 0.147480 seconds .

========================================================================
Received Import Request.
  Time since last request: 9.164791 seconds.
  path: Assets/Prefabs/pfCharacterBattle.prefab
  artifactKey: Guid(025ffc8ab7dbc8840ad7b0db44b84965) Importer(815301076,1909f56bfc062723c751e8b465ee728b)
Start importing Assets/Prefabs/pfCharacterBattle.prefab using Guid(025ffc8ab7dbc8840ad7b0db44b84965) Importer(815301076,1909f56bfc062723c751e8b465ee728b)  -> (artifact id: 'ddadb12740101ad7f0e57d089f35f3b2') in 0.040902 seconds
  Import took 0.059731 seconds .

========================================================================
Received Import Request.
  Time since last request: 4.665645 seconds.
  path: Assets/Prefabs/pfCharacterBattle.prefab
  artifactKey: Guid(025ffc8ab7dbc8840ad7b0db44b84965) Importer(815301076,1909f56bfc062723c751e8b465ee728b)
Start importing Assets/Prefabs/pfCharacterBattle.prefab using Guid(025ffc8ab7dbc8840ad7b0db44b84965) Importer(815301076,1909f56bfc062723c751e8b465ee728b)  -> (artifact id: 'fc7876be12a38f2c4fac90b6da7abceb') in 0.042407 seconds
  Import took 0.077981 seconds .

========================================================================
Received Import Request.
  Time since last request: 4.638270 seconds.
  path: Assets/Prefabs/pfCharacterBattle.prefab
  artifactKey: Guid(025ffc8ab7dbc8840ad7b0db44b84965) Importer(815301076,1909f56bfc062723c751e8b465ee728b)
Start importing Assets/Prefabs/pfCharacterBattle.prefab using Guid(025ffc8ab7dbc8840ad7b0db44b84965) Importer(815301076,1909f56bfc062723c751e8b465ee728b)  -> (artifact id: 'ca293a4dd87cbdafad62412dbb0bd4bf') in 0.130070 seconds
  Import took 0.141168 seconds .

========================================================================
Received Import Request.
  Time since last request: 13.129921 seconds.
  path: Assets/Prefabs/pfCharacterBattle.prefab
  artifactKey: Guid(025ffc8ab7dbc8840ad7b0db44b84965) Importer(815301076,1909f56bfc062723c751e8b465ee728b)
Start importing Assets/Prefabs/pfCharacterBattle.prefab using Guid(025ffc8ab7dbc8840ad7b0db44b84965) Importer(815301076,1909f56bfc062723c751e8b465ee728b)  -> (artifact id: 'f878fe3f8a67cebf9ac35529f54375a7') in 0.049144 seconds
  Import took 0.052344 seconds .

========================================================================
Received Import Request.
  Time since last request: 4.284863 seconds.
  path: Assets/Prefabs/pfCharacterBattle.prefab
  artifactKey: Guid(025ffc8ab7dbc8840ad7b0db44b84965) Importer(815301076,1909f56bfc062723c751e8b465ee728b)
Start importing Assets/Prefabs/pfCharacterBattle.prefab using Guid(025ffc8ab7dbc8840ad7b0db44b84965) Importer(815301076,1909f56bfc062723c751e8b465ee728b)  -> (artifact id: 'f72a3a8e0e2686f6a57663a235fbb074') in 0.094962 seconds
  Import took 0.100720 seconds .

========================================================================
Received Import Request.
  Time since last request: 25.409110 seconds.
  path: Assets/Prefabs/pfCharacterBattle.prefab
  artifactKey: Guid(025ffc8ab7dbc8840ad7b0db44b84965) Importer(815301076,1909f56bfc062723c751e8b465ee728b)
Start importing Assets/Prefabs/pfCharacterBattle.prefab using Guid(025ffc8ab7dbc8840ad7b0db44b84965) Importer(815301076,1909f56bfc062723c751e8b465ee728b)  -> (artifact id: '49ec0dedb5ede3fa21ac7fca3383558e') in 0.048694 seconds
  Import took 0.053572 seconds .

========================================================================
Received Import Request.
  Time since last request: 83.171714 seconds.
  path: Assets/Prefabs/pfCharacterBattle.prefab
  artifactKey: Guid(025ffc8ab7dbc8840ad7b0db44b84965) Importer(815301076,1909f56bfc062723c751e8b465ee728b)
Start importing Assets/Prefabs/pfCharacterBattle.prefab using Guid(025ffc8ab7dbc8840ad7b0db44b84965) Importer(815301076,1909f56bfc062723c751e8b465ee728b)  -> (artifact id: '86fa9428794abebd1424d4da1acd5fae') in 0.112726 seconds
  Import took 0.122082 seconds .

========================================================================
Received Import Request.
  Time since last request: 15.925778 seconds.
  path: Assets/Prefabs/pfCharacterBattle.prefab
  artifactKey: Guid(025ffc8ab7dbc8840ad7b0db44b84965) Importer(815301076,1909f56bfc062723c751e8b465ee728b)
Start importing Assets/Prefabs/pfCharacterBattle.prefab using Guid(025ffc8ab7dbc8840ad7b0db44b84965) Importer(815301076,1909f56bfc062723c751e8b465ee728b)  -> (artifact id: 'afec50ef3b1df5ad4dc9fb466c227319') in 0.044547 seconds
  Import took 0.052029 seconds .

========================================================================
Received Import Request.
  Time since last request: 9.412308 seconds.
  path: Assets/Prefabs/pfCharacterBattle.prefab
  artifactKey: Guid(025ffc8ab7dbc8840ad7b0db44b84965) Importer(815301076,1909f56bfc062723c751e8b465ee728b)
Start importing Assets/Prefabs/pfCharacterBattle.prefab using Guid(025ffc8ab7dbc8840ad7b0db44b84965) Importer(815301076,1909f56bfc062723c751e8b465ee728b)  -> (artifact id: 'ed265220bbc7545ef3ba2366ccc2b7ac') in 0.031786 seconds
  Import took 0.050517 seconds .

========================================================================
Received Import Request.
  Time since last request: 0.003820 seconds.
  path: Assets/Prefabs/pfCharacterBattle.prefab
  artifactKey: Guid(025ffc8ab7dbc8840ad7b0db44b84965) Importer(815301076,1909f56bfc062723c751e8b465ee728b)
Start importing Assets/Prefabs/pfCharacterBattle.prefab using Guid(025ffc8ab7dbc8840ad7b0db44b84965) Importer(815301076,1909f56bfc062723c751e8b465ee728b)  -> (artifact id: 'ed265220bbc7545ef3ba2366ccc2b7ac') in 0.087734 seconds
  Import took 0.091951 seconds .

========================================================================
Received Import Request.
  Time since last request: 1.173681 seconds.
  path: Assets/Prefabs/pfCharacterBattle.prefab
  artifactKey: Guid(025ffc8ab7dbc8840ad7b0db44b84965) Importer(815301076,1909f56bfc062723c751e8b465ee728b)
Start importing Assets/Prefabs/pfCharacterBattle.prefab using Guid(025ffc8ab7dbc8840ad7b0db44b84965) Importer(815301076,1909f56bfc062723c751e8b465ee728b)  -> (artifact id: '787111f9cbf38376487111aeeed4cc5b') in 0.027115 seconds
  Import took 0.032163 seconds .

========================================================================
Received Import Request.
  Time since last request: 0.020591 seconds.
  path: Assets/Prefabs/pfCharacterBattle.prefab
  artifactKey: Guid(025ffc8ab7dbc8840ad7b0db44b84965) Importer(815301076,1909f56bfc062723c751e8b465ee728b)
Start importing Assets/Prefabs/pfCharacterBattle.prefab using Guid(025ffc8ab7dbc8840ad7b0db44b84965) Importer(815301076,1909f56bfc062723c751e8b465ee728b)  -> (artifact id: '787111f9cbf38376487111aeeed4cc5b') in 0.074237 seconds
  Import took 0.077684 seconds .

========================================================================
Received Import Request.
  Time since last request: 13.222017 seconds.
  path: Assets/Prefabs/pfCharacterBattle.prefab
  artifactKey: Guid(025ffc8ab7dbc8840ad7b0db44b84965) Importer(815301076,1909f56bfc062723c751e8b465ee728b)
Start importing Assets/Prefabs/pfCharacterBattle.prefab using Guid(025ffc8ab7dbc8840ad7b0db44b84965) Importer(815301076,1909f56bfc062723c751e8b465ee728b)  -> (artifact id: 'b6f5535ac6b1b531e70b4e7896695df6') in 0.092674 seconds
  Import took 0.101875 seconds .

========================================================================
Received Import Request.
  Time since last request: 1.531038 seconds.
  path: Assets/Prefabs/pfCharacterBattle.prefab
  artifactKey: Guid(025ffc8ab7dbc8840ad7b0db44b84965) Importer(815301076,1909f56bfc062723c751e8b465ee728b)
Start importing Assets/Prefabs/pfCharacterBattle.prefab using Guid(025ffc8ab7dbc8840ad7b0db44b84965) Importer(815301076,1909f56bfc062723c751e8b465ee728b)  -> (artifact id: '43b4919f39ab6e2ca85039064c9265f3') in 0.031433 seconds
  Import took 0.036095 seconds .

========================================================================
Received Import Request.
  Time since last request: 0.019931 seconds.
  path: Assets/Prefabs/pfCharacterBattle.prefab
  artifactKey: Guid(025ffc8ab7dbc8840ad7b0db44b84965) Importer(815301076,1909f56bfc062723c751e8b465ee728b)
Start importing Assets/Prefabs/pfCharacterBattle.prefab using Guid(025ffc8ab7dbc8840ad7b0db44b84965) Importer(815301076,1909f56bfc062723c751e8b465ee728b)  -> (artifact id: '43b4919f39ab6e2ca85039064c9265f3') in 0.046043 seconds
  Import took 0.050319 seconds .

========================================================================
Received Import Request.
  Time since last request: 8.336532 seconds.
  path: Assets/Prefabs/pfCharacterBattle.prefab
  artifactKey: Guid(025ffc8ab7dbc8840ad7b0db44b84965) Importer(815301076,1909f56bfc062723c751e8b465ee728b)
Start importing Assets/Prefabs/pfCharacterBattle.prefab using Guid(025ffc8ab7dbc8840ad7b0db44b84965) Importer(815301076,1909f56bfc062723c751e8b465ee728b)  -> (artifact id: '556268f50c1ebf9896da9bb6777f0162') in 0.045673 seconds
  Import took 0.132269 seconds .

========================================================================
Received Import Request.
  Time since last request: 6.409417 seconds.
  path: Assets/Prefabs/pfCharacterBattle.prefab
  artifactKey: Guid(025ffc8ab7dbc8840ad7b0db44b84965) Importer(815301076,1909f56bfc062723c751e8b465ee728b)
Start importing Assets/Prefabs/pfCharacterBattle.prefab using Guid(025ffc8ab7dbc8840ad7b0db44b84965) Importer(815301076,1909f56bfc062723c751e8b465ee728b)  -> (artifact id: 'a989fe565bad6d528a53e066a7d025b9') in 0.045379 seconds
  Import took 0.048579 seconds .

========================================================================
Received Import Request.
  Time since last request: 2.832738 seconds.
  path: Assets/Prefabs/pfCharacterBattle.prefab
  artifactKey: Guid(025ffc8ab7dbc8840ad7b0db44b84965) Importer(815301076,1909f56bfc062723c751e8b465ee728b)
Start importing Assets/Prefabs/pfCharacterBattle.prefab using Guid(025ffc8ab7dbc8840ad7b0db44b84965) Importer(815301076,1909f56bfc062723c751e8b465ee728b)  -> (artifact id: 'e087b65846d6c3ec46cdd5fc432d9549') in 0.044988 seconds
  Import took 0.050451 seconds .

========================================================================
Received Import Request.
  Time since last request: 3.109538 seconds.
  path: Assets/Prefabs/pfCharacterBattle.prefab
  artifactKey: Guid(025ffc8ab7dbc8840ad7b0db44b84965) Importer(815301076,1909f56bfc062723c751e8b465ee728b)
Start importing Assets/Prefabs/pfCharacterBattle.prefab using Guid(025ffc8ab7dbc8840ad7b0db44b84965) Importer(815301076,1909f56bfc062723c751e8b465ee728b)  -> (artifact id: '52decd5b861c2e30c72c258f766e5284') in 0.045952 seconds
  Import took 0.050381 seconds .

========================================================================
Received Import Request.
  Time since last request: 6.983873 seconds.
  path: Assets/Prefabs/pfCharacterBattle.prefab
  artifactKey: Guid(025ffc8ab7dbc8840ad7b0db44b84965) Importer(815301076,1909f56bfc062723c751e8b465ee728b)
Start importing Assets/Prefabs/pfCharacterBattle.prefab using Guid(025ffc8ab7dbc8840ad7b0db44b84965) Importer(815301076,1909f56bfc062723c751e8b465ee728b)  -> (artifact id: 'a10315419e215c6749ec8673b21257f1') in 0.030982 seconds
  Import took 0.035534 seconds .

========================================================================
Received Import Request.
  Time since last request: 78.432465 seconds.
  path: Assets/Prefabs/pfCharacterBattle.prefab
  artifactKey: Guid(025ffc8ab7dbc8840ad7b0db44b84965) Importer(815301076,1909f56bfc062723c751e8b465ee728b)
Start importing Assets/Prefabs/pfCharacterBattle.prefab using Guid(025ffc8ab7dbc8840ad7b0db44b84965) Importer(815301076,1909f56bfc062723c751e8b465ee728b)  -> (artifact id: 'b0ed289bfe37ddf4859178cf6eb844e1') in 0.050421 seconds
  Import took 0.055328 seconds .

========================================================================
Received Import Request.
  Time since last request: 87.164589 seconds.
  path: Assets/Prefabs/pfCharacterBattle.prefab
  artifactKey: Guid(025ffc8ab7dbc8840ad7b0db44b84965) Importer(815301076,1909f56bfc062723c751e8b465ee728b)
Start importing Assets/Prefabs/pfCharacterBattle.prefab using Guid(025ffc8ab7dbc8840ad7b0db44b84965) Importer(815301076,1909f56bfc062723c751e8b465ee728b)  -> (artifact id: 'acbe705cf14089d71271ed16445381ce') in 0.061147 seconds
  Import took 0.107911 seconds .

========================================================================
Received Prepare
Registering precompiled user dll's ...
Registered in 0.001296 seconds.
Begin MonoManager ReloadAssembly
Native extension for WindowsStandalone target not found
Refreshing native plugins compatible for Editor in 0.53 ms, found 0 plugins.
Preloading 0 native plugins for Editor in 0.00 ms.
Mono: successfully reloaded assembly
- Completed reload, in  1.432 seconds
Platform modules already initialized, skipping
Refreshing native plugins compatible for Editor in 0.27 ms, found 0 plugins.
Preloading 0 native plugins for Editor in 0.00 ms.
Unloading 1113 Unused Serialized files (Serialized files now loaded: 0)
System memory in use before: 60.3 MB.
System memory in use after: 60.4 MB.

Unloading 4 unused Assets to reduce memory usage. Loaded Objects now: 1622.
Total: 2.445500 ms (FindLiveObjects: 0.225000 ms CreateObjectMapping: 0.094500 ms MarkObjects: 2.099800 ms  DeleteObjects: 0.024400 ms)

========================================================================
Received Prepare
Registering precompiled user dll's ...
Registered in 0.001206 seconds.
Begin MonoManager ReloadAssembly
Native extension for WindowsStandalone target not found
Refreshing native plugins compatible for Editor in 0.34 ms, found 0 plugins.
Preloading 0 native plugins for Editor in 0.00 ms.
Mono: successfully reloaded assembly
- Completed reload, in  1.863 seconds
Platform modules already initialized, skipping
Refreshing native plugins compatible for Editor in 0.28 ms, found 0 plugins.
Preloading 0 native plugins for Editor in 0.00 ms.
Unloading 1113 Unused Serialized files (Serialized files now loaded: 0)
System memory in use before: 60.3 MB.
System memory in use after: 60.4 MB.

Unloading 4 unused Assets to reduce memory usage. Loaded Objects now: 1625.
Total: 2.647400 ms (FindLiveObjects: 0.444600 ms CreateObjectMapping: 0.101300 ms MarkObjects: 2.077800 ms  DeleteObjects: 0.022000 ms)

========================================================================
Received Import Request.
  Time since last request: 252.564586 seconds.
  path: Assets/Prefabs/pfCharacterBattle.prefab
  artifactKey: Guid(025ffc8ab7dbc8840ad7b0db44b84965) Importer(815301076,1909f56bfc062723c751e8b465ee728b)
Start importing Assets/Prefabs/pfCharacterBattle.prefab using Guid(025ffc8ab7dbc8840ad7b0db44b84965) Importer(815301076,1909f56bfc062723c751e8b465ee728b)  -> (artifact id: '59dadfa364f86c12aeeaaf725ad91903') in 0.167185 seconds
  Import took 0.173735 seconds .

========================================================================
Received Prepare
Registering precompiled user dll's ...
Registered in 0.001182 seconds.
Begin MonoManager ReloadAssembly
Native extension for WindowsStandalone target not found
Refreshing native plugins compatible for Editor in 0.26 ms, found 0 plugins.
Preloading 0 native plugins for Editor in 0.00 ms.
Mono: successfully reloaded assembly
- Completed reload, in  1.947 seconds
Platform modules already initialized, skipping
Refreshing native plugins compatible for Editor in 0.46 ms, found 0 plugins.
Preloading 0 native plugins for Editor in 0.00 ms.
Unloading 1113 Unused Serialized files (Serialized files now loaded: 0)
System memory in use before: 60.3 MB.
System memory in use after: 60.4 MB.

Unloading 4 unused Assets to reduce memory usage. Loaded Objects now: 1629.
Total: 2.370000 ms (FindLiveObjects: 0.204500 ms CreateObjectMapping: 0.076900 ms MarkObjects: 2.057400 ms  DeleteObjects: 0.029300 ms)

========================================================================
Received Prepare
Registering precompiled user dll's ...
Registered in 0.001279 seconds.
Begin MonoManager ReloadAssembly
Native extension for WindowsStandalone target not found
Refreshing native plugins compatible for Editor in 0.26 ms, found 0 plugins.
Preloading 0 native plugins for Editor in 0.00 ms.
Mono: successfully reloaded assembly
- Completed reload, in  1.462 seconds
Platform modules already initialized, skipping
Refreshing native plugins compatible for Editor in 0.27 ms, found 0 plugins.
Preloading 0 native plugins for Editor in 0.00 ms.
Unloading 1113 Unused Serialized files (Serialized files now loaded: 0)
System memory in use before: 60.3 MB.
System memory in use after: 60.4 MB.

Unloading 4 unused Assets to reduce memory usage. Loaded Objects now: 1632.
Total: 2.435300 ms (FindLiveObjects: 0.263400 ms CreateObjectMapping: 0.098300 ms MarkObjects: 2.049900 ms  DeleteObjects: 0.021200 ms)

========================================================================
Received Prepare
Registering precompiled user dll's ...
Registered in 0.001614 seconds.
Begin MonoManager ReloadAssembly
Native extension for WindowsStandalone target not found
Refreshing native plugins compatible for Editor in 0.59 ms, found 0 plugins.
Preloading 0 native plugins for Editor in 0.00 ms.
Mono: successfully reloaded assembly
- Completed reload, in  1.945 seconds
Platform modules already initialized, skipping
Refreshing native plugins compatible for Editor in 0.30 ms, found 0 plugins.
Preloading 0 native plugins for Editor in 0.00 ms.
Unloading 1113 Unused Serialized files (Serialized files now loaded: 0)
System memory in use before: 60.3 MB.
System memory in use after: 60.4 MB.

Unloading 4 unused Assets to reduce memory usage. Loaded Objects now: 1635.
Total: 3.689400 ms (FindLiveObjects: 0.276100 ms CreateObjectMapping: 0.093800 ms MarkObjects: 3.289000 ms  DeleteObjects: 0.027600 ms)

AssetImportWorkerClient::OnTransportError - code=2 error=End of file
